

*******************************************************************************
Mon Nov 21 18:00:24 2016


FIT:    data read from 'radius.csv'
        format = z
        x range restricted to [0.00000 : 10000.0]
        #datapoints = 10000
        residuals are weighted equally (unit weight)

function used for fitting: f(x)
	f(x) = c * x **a
fitted parameters initialized with current variable values

iter      chisq       delta/lim  lambda   c             a            
   0 3.2501477544e+11  0.00e+00 3.67e+04  1.000000e+00  1.000000e+00
  82 2.8020688936e+05 -8.33e-02 3.67e-02  2.767134e+00  3.907092e-01

After 82 iterations the fit converged.
final sum of squares of residuals : 280207
rel. change during last iteration : -8.33194e-007

degrees of freedom    (FIT_NDF)                        : 9998
rms of residuals      (FIT_STDFIT) = sqrt(WSSR/ndf)    : 5.29399
variance of residuals (reduced chisquare) = WSSR/ndf   : 28.0263

Final set of parameters            Asymptotic Standard Error
=======================            ==========================
c               = 2.76713          +/- 0.02981      (1.077%)
a               = 0.390709         +/- 0.001241     (0.3176%)

correlation matrix of the fit parameters:
                c      a      
c               1.000 
a              -0.998  1.000 
