

*******************************************************************************
Thu Nov 17 12:29:14 2016


FIT:    data read from 'boxmethod.csv'
        format = z
        #datapoints = 24
        residuals are weighted equally (unit weight)

function used for fitting: f(x)
	f(x) = m * x + b
fitted parameters initialized with current variable values

iter      chisq       delta/lim  lambda   m             b            
   0 1.6347046956e+03  0.00e+00 2.63e+00  1.000000e+00  1.000000e+00
   4 1.7353092398e-01 -5.36e-04 2.63e-04  1.826086e+00  1.178538e+01

After 4 iterations the fit converged.
final sum of squares of residuals : 0.173531
rel. change during last iteration : -5.36183e-009

degrees of freedom    (FIT_NDF)                        : 22
rms of residuals      (FIT_STDFIT) = sqrt(WSSR/ndf)    : 0.0888131
variance of residuals (reduced chisquare) = WSSR/ndf   : 0.00788777

Final set of parameters            Asymptotic Standard Error
=======================            ==========================
m               = 1.82609          +/- 0.01118      (0.6123%)
b               = 11.7854          +/- 0.04009      (0.3402%)

correlation matrix of the fit parameters:
                m      b      
m               1.000 
b               0.892  1.000 
